2026.03.25 12:25:05 INFO  Started: Metals version 1.6.6 in folders 'H:\Desktop\Cours ING\ING 2\GI\S2\programmation Fonctionnel\Projet\CY-Commerce' for client Visual Studio Code 1.112.0.
2026.03.25 12:25:05 INFO  Memory monitor started
2026.03.25 12:25:06 WARN  Using H2 2.4.240 which is newer than the version Flyway has been verified with. The latest verified version of H2 is 2.3.232.
2026.03.25 12:25:06 INFO  Attempting to connect to the build server...
2026.03.25 12:25:06 INFO  Found a Bloop server running
2026.03.25 12:25:07 INFO  tracing is disabled for protocol BSP, to enable tracing of incoming and outgoing JSON messages create an empty file at H:\Desktop\Cours ING\ING 2\GI\S2\programmation Fonctionnel\Projet\CY-Commerce\.metals\bsp.trace.json or C:\Users\Administrateur\AppData\Local\scalameta\metals\cache\bsp.trace.json
2026.03.25 12:25:07 INFO  Attempting to connect to the build server...
2026.03.25 12:25:07 INFO  Found a Bloop server running
2026.03.25 12:25:07 INFO  tracing is disabled for protocol BSP, to enable tracing of incoming and outgoing JSON messages create an empty file at H:\Desktop\Cours ING\ING 2\GI\S2\programmation Fonctionnel\Projet\CY-Commerce\project\.metals\bsp.trace.json or C:\Users\Administrateur\AppData\Local\scalameta\metals\cache\bsp.trace.json
2026.03.25 12:25:09 INFO  time: Connected to build server in 2.31s
2026.03.25 12:25:09 INFO  Connected to Build server: Bloop v2.0.17
2026.03.25 12:25:09 INFO  Created report: Optional.empty
2026.03.25 12:25:09 INFO  Empty build targets. Expected at least one build target identifier. (full report at: "H:\Desktop\Cours ING\ING 2\GI\S2\programmation Fonctionnel\Projet\CY-Commerce\.metals\.reports\bloop\2026-03-25\r_Empty build targets...._12-25-09-175.md")
2026.03.25 12:25:09 INFO  Empty build targets. Expected at least one build target identifier. (full report at: "H:\Desktop\Cours ING\ING 2\GI\S2\programmation Fonctionnel\Projet\CY-Commerce\.metals\.reports\bloop\2026-03-25\r_Empty build targets...._12-25-09-175.md")
2026.03.25 12:25:09 INFO  Empty build targets. Expected at least one build target identifier. (full report at: "H:\Desktop\Cours ING\ING 2\GI\S2\programmation Fonctionnel\Projet\CY-Commerce\.metals\.reports\bloop\2026-03-25\r_Empty build targets...._12-25-09-175.md")
2026.03.25 12:25:09 INFO  Empty build targets. Expected at least one build target identifier. (full report at: "H:\Desktop\Cours ING\ING 2\GI\S2\programmation Fonctionnel\Projet\CY-Commerce\.metals\.reports\bloop\2026-03-25\r_Empty build targets...._12-25-09-175.md")
2026.03.25 12:25:09 INFO  Empty build targets. Expected at least one build target identifier. (full report at: "H:\Desktop\Cours ING\ING 2\GI\S2\programmation Fonctionnel\Projet\CY-Commerce\.metals\.reports\bloop\2026-03-25\r_Empty build targets...._12-25-09-175.md")
2026.03.25 12:25:09 INFO  time: Imported build in 0.15s
2026.03.25 12:25:13 WARN  Using H2 2.4.240 which is newer than the version Flyway has been verified with. The latest verified version of H2 is 2.3.232.
2026.03.25 12:25:18 INFO  time: indexed workspace in 9.38s
2026.03.25 12:25:32 INFO  Shutting down server
2026.03.25 12:25:32 INFO  Memory monitor stopped
2026.03.25 12:25:32 INFO  shutting down Metals
2026.03.25 12:25:32 INFO  Shut down connection with build server.
2026.03.25 12:25:32 INFO  Shut down connection with build server.
2026.03.25 12:25:32 INFO  Exiting server
